# JRE version: OpenJDK Runtime Environment (17.0.11) (build 17.0.11+0--11852314)
# Java VM: OpenJDK 64-Bit Server VM (17.0.11+0--11852314, mixed mode, tiered, compressed oops, compressed class ptrs, g1 gc, windows-amd64)
GC Precious Log:
 CPUs: 12 total, 12 available
 Memory: 16163M
 Large Page Support: Disabled
 NUMA Support: Disabled
 Compressed Oops: Enabled (32-bit)
 Heap Region Size: 1M
 Heap Min Capacity: 8M
 Heap Initial Capacity: 254M
 Heap Max Capacity: 2G
 Pre-touch: Disabled
 Parallel Workers: 10
 Concurrent Workers: 3
 Concurrent Refinement Workers: 10
 Periodic GC: Disabled
Heap:
 garbage-first heap   total 260096K, used 129518K [0x0000000080000000, 0x0000000100000000)
  region size 1024K, 4 young (4096K), 4 survivors (4096K)
 Metaspace       used 104701K, committed 105472K, reserved 1179648K
  class space    used 14147K, committed 14528K, reserved 1048576K
GC Heap History (20 events):
Event: 8.082 GC heap after
{Heap after GC invocations=25 (full 0):
 garbage-first heap   total 194560K, used 72614K [0x0000000080000000, 0x0000000100000000)
  region size 1024K, 9 young (9216K), 9 survivors (9216K)
 Metaspace       used 86591K, committed 87168K, reserved 1179648K
  class space    used 11932K, committed 12224K, reserved 1048576K
}
Event: 8.685 GC heap before
{Heap before GC invocations=25 (full 0):
 garbage-first heap   total 194560K, used 155558K [0x0000000080000000, 0x0000000100000000)
  region size 1024K, 90 young (92160K), 9 survivors (9216K)
 Metaspace       used 93124K, committed 93824K, reserved 1179648K
  class space    used 12887K, committed 13248K, reserved 1048576K
}
Event: 8.692 GC heap after
{Heap after GC invocations=26 (full 0):
 garbage-first heap   total 194560K, used 77589K [0x0000000080000000, 0x0000000100000000)
  region size 1024K, 9 young (9216K), 9 survivors (9216K)
 Metaspace       used 93124K, committed 93824K, reserved 1179648K
  class space    used 12887K, committed 13248K, reserved 1048576K
}
Event: 9.201 GC heap before
{Heap before GC invocations=26 (full 0):
 garbage-first heap   total 194560K, used 162581K [0x0000000080000000, 0x0000000100000000)
  region size 1024K, 88 young (90112K), 9 survivors (9216K)
 Metaspace       used 97914K, committed 98624K, reserved 1179648K
  class space    used 13506K, committed 13824K, reserved 1048576K
}
Event: 9.211 GC heap after
{Heap after GC invocations=27 (full 0):
 garbage-first heap   total 194560K, used 85648K [0x0000000080000000, 0x0000000100000000)
  region size 1024K, 11 young (11264K), 11 survivors (11264K)
 Metaspace       used 97914K, committed 98624K, reserved 1179648K
  class space    used 13506K, committed 13824K, reserved 1048576K
}
Event: 10.182 GC heap before
{Heap before GC invocations=27 (full 0):
 garbage-first heap   total 194560K, used 155280K [0x0000000080000000, 0x0000000100000000)
  region size 1024K, 80 young (81920K), 11 survivors (11264K)
 Metaspace       used 100331K, committed 101120K, reserved 1179648K
  class space    used 13761K, committed 14144K, reserved 1048576K
}
Event: 10.189 GC heap after
{Heap after GC invocations=28 (full 0):
 garbage-first heap   total 194560K, used 91182K [0x0000000080000000, 0x0000000100000000)
  region size 1024K, 8 young (8192K), 8 survivors (8192K)
 Metaspace       used 100331K, committed 101120K, reserved 1179648K
  class space    used 13761K, committed 14144K, reserved 1048576K
}
Event: 11.302 GC heap before
{Heap before GC invocations=28 (full 0):
 garbage-first heap   total 194560K, used 116782K [0x0000000080000000, 0x0000000100000000)
  region size 1024K, 32 young (32768K), 8 survivors (8192K)
 Metaspace       used 100495K, committed 101248K, reserved 1179648K
  class space    used 13767K, committed 14144K, reserved 1048576K
}
Event: 11.307 GC heap after
{Heap after GC invocations=29 (full 0):
 garbage-first heap   total 194560K, used 100592K [0x0000000080000000, 0x0000000100000000)
  region size 1024K, 8 young (8192K), 8 survivors (8192K)
 Metaspace       used 100495K, committed 101248K, reserved 1179648K
  class space    used 13767K, committed 14144K, reserved 1048576K
}
Event: 12.267 GC heap before
{Heap before GC invocations=30 (full 0):
 garbage-first heap   total 194560K, used 166128K [0x0000000080000000, 0x0000000100000000)
  region size 1024K, 59 young (60416K), 8 survivors (8192K)
 Metaspace       used 101002K, committed 101760K, reserved 1179648K
  class space    used 13816K, committed 14208K, reserved 1048576K
}
Event: 12.276 GC heap after
{Heap after GC invocations=31 (full 0):
 garbage-first heap   total 194560K, used 118610K [0x0000000080000000, 0x0000000100000000)
  region size 1024K, 8 young (8192K), 8 survivors (8192K)
 Metaspace       used 101002K, committed 101760K, reserved 1179648K
  class space    used 13816K, committed 14208K, reserved 1048576K
}
Event: 12.284 GC heap before
{Heap before GC invocations=31 (full 0):
 garbage-first heap   total 194560K, used 118610K [0x0000000080000000, 0x0000000100000000)
  region size 1024K, 9 young (9216K), 8 survivors (8192K)
 Metaspace       used 101002K, committed 101760K, reserved 1179648K
  class space    used 13816K, committed 14208K, reserved 1048576K
}
Event: 12.288 GC heap after
{Heap after GC invocations=32 (full 0):
 garbage-first heap   total 194560K, used 120856K [0x0000000080000000, 0x0000000100000000)
  region size 1024K, 2 young (2048K), 2 survivors (2048K)
 Metaspace       used 101002K, committed 101760K, reserved 1179648K
  class space    used 13816K, committed 14208K, reserved 1048576K
}
Event: 12.569 GC heap before
{Heap before GC invocations=32 (full 0):
 garbage-first heap   total 194560K, used 172056K [0x0000000080000000, 0x0000000100000000)
  region size 1024K, 36 young (36864K), 2 survivors (2048K)
 Metaspace       used 101275K, committed 102080K, reserved 1179648K
  class space    used 13830K, committed 14208K, reserved 1048576K
}
Event: 12.572 GC heap after
{Heap after GC invocations=33 (full 0):
 garbage-first heap   total 194560K, used 121880K [0x0000000080000000, 0x0000000100000000)
  region size 1024K, 3 young (3072K), 3 survivors (3072K)
 Metaspace       used 101275K, committed 102080K, reserved 1179648K
  class space    used 13830K, committed 14208K, reserved 1048576K
}
Event: 12.704 GC heap before
{Heap before GC invocations=34 (full 0):
 garbage-first heap   total 220160K, used 156696K [0x0000000080000000, 0x0000000100000000)
  region size 1024K, 38 young (38912K), 3 survivors (3072K)
 Metaspace       used 101997K, committed 102848K, reserved 1179648K
  class space    used 13900K, committed 14272K, reserved 1048576K
}
Event: 12.709 GC heap after
{Heap after GC invocations=35 (full 0):
 garbage-first heap   total 220160K, used 127695K [0x0000000080000000, 0x0000000100000000)
  region size 1024K, 5 young (5120K), 5 survivors (5120K)
 Metaspace       used 101997K, committed 102848K, reserved 1179648K
  class space    used 13900K, committed 14272K, reserved 1048576K
}
Event: 12.721 GC heap before
{Heap before GC invocations=35 (full 0):
 garbage-first heap   total 220160K, used 132815K [0x0000000080000000, 0x0000000100000000)
  region size 1024K, 10 young (10240K), 5 survivors (5120K)
 Metaspace       used 102118K, committed 102912K, reserved 1179648K
  class space    used 13916K, committed 14272K, reserved 1048576K
}
Event: 12.724 GC heap after
{Heap after GC invocations=36 (full 0):
 garbage-first heap   total 220160K, used 126975K [0x0000000080000000, 0x0000000100000000)
  region size 1024K, 2 young (2048K), 2 survivors (2048K)
 Metaspace       used 102118K, committed 102912K, reserved 1179648K
  class space    used 13916K, committed 14272K, reserved 1048576K
}
Event: 12.972 GC heap before
{Heap before GC invocations=36 (full 0):
 garbage-first heap   total 220160K, used 173055K [0x0000000080000000, 0x0000000100000000)
  region size 1024K, 48 young (49152K), 2 survivors (2048K)
 Metaspace       used 104701K, committed 105472K, reserved 1179648K
  class space    used 14147K, committed 14528K, reserved 1048576K
}

