# JRE version: OpenJDK Runtime Environment (17.0.11) (build 17.0.11+0--11852314)
# Java VM: OpenJDK 64-Bit Server VM (17.0.11+0--11852314, mixed mode, tiered, compressed oops, compressed class ptrs, g1 gc, windows-amd64)
GC Precious Log:
 CPUs: 12 total, 12 available
 Memory: 16163M
 Large Page Support: Disabled
 NUMA Support: Disabled
 Compressed Oops: Enabled (32-bit)
 Heap Region Size: 1M
 Heap Min Capacity: 8M
 Heap Initial Capacity: 254M
 Heap Max Capacity: 2G
 Pre-touch: Disabled
 Parallel Workers: 10
 Concurrent Workers: 3
 Concurrent Refinement Workers: 10
 Periodic GC: Disabled
Heap:
 garbage-first heap   total 155648K, used 81777K [0x0000000080000000, 0x0000000100000000)
  region size 1024K, 7 young (7168K), 7 survivors (7168K)
 Metaspace       used 94693K, committed 95360K, reserved 1179648K
  class space    used 13033K, committed 13376K, reserved 1048576K
GC Heap History (20 events):
Event: 4.750 GC heap after
{Heap after GC invocations=19 (full 0):
 garbage-first heap   total 86016K, used 52763K [0x0000000080000000, 0x0000000100000000)
  region size 1024K, 1 young (1024K), 1 survivors (1024K)
 Metaspace       used 57918K, committed 58496K, reserved 1114112K
  class space    used 7978K, committed 8256K, reserved 1048576K
}
Event: 4.760 GC heap before
{Heap before GC invocations=19 (full 0):
 garbage-first heap   total 86016K, used 54811K [0x0000000080000000, 0x0000000100000000)
  region size 1024K, 5 young (5120K), 1 survivors (1024K)
 Metaspace       used 58100K, committed 58688K, reserved 1114112K
  class space    used 7993K, committed 8256K, reserved 1048576K
}
Event: 4.762 GC heap after
{Heap after GC invocations=20 (full 0):
 garbage-first heap   total 155648K, used 52970K [0x0000000080000000, 0x0000000100000000)
  region size 1024K, 1 young (1024K), 1 survivors (1024K)
 Metaspace       used 58100K, committed 58688K, reserved 1114112K
  class space    used 7993K, committed 8256K, reserved 1048576K
}
Event: 5.116 GC heap before
{Heap before GC invocations=20 (full 0):
 garbage-first heap   total 155648K, used 106218K [0x0000000080000000, 0x0000000100000000)
  region size 1024K, 53 young (54272K), 1 survivors (1024K)
 Metaspace       used 63123K, committed 63744K, reserved 1114112K
  class space    used 8582K, committed 8832K, reserved 1048576K
}
Event: 5.118 GC heap after
{Heap after GC invocations=21 (full 0):
 garbage-first heap   total 155648K, used 55222K [0x0000000080000000, 0x0000000100000000)
  region size 1024K, 2 young (2048K), 2 survivors (2048K)
 Metaspace       used 63123K, committed 63744K, reserved 1114112K
  class space    used 8582K, committed 8832K, reserved 1048576K
}
Event: 5.524 GC heap before
{Heap before GC invocations=21 (full 0):
 garbage-first heap   total 155648K, used 116662K [0x0000000080000000, 0x0000000100000000)
  region size 1024K, 57 young (58368K), 2 survivors (2048K)
 Metaspace       used 68601K, committed 69248K, reserved 1114112K
  class space    used 9263K, committed 9600K, reserved 1048576K
}
Event: 5.527 GC heap after
{Heap after GC invocations=22 (full 0):
 garbage-first heap   total 155648K, used 61182K [0x0000000080000000, 0x0000000100000000)
  region size 1024K, 7 young (7168K), 7 survivors (7168K)
 Metaspace       used 68601K, committed 69248K, reserved 1114112K
  class space    used 9263K, committed 9600K, reserved 1048576K
}
Event: 5.946 GC heap before
{Heap before GC invocations=22 (full 0):
 garbage-first heap   total 155648K, used 115454K [0x0000000080000000, 0x0000000100000000)
  region size 1024K, 60 young (61440K), 7 survivors (7168K)
 Metaspace       used 72564K, committed 73216K, reserved 1114112K
  class space    used 9789K, committed 10112K, reserved 1048576K
}
Event: 5.949 GC heap after
{Heap after GC invocations=23 (full 0):
 garbage-first heap   total 155648K, used 63993K [0x0000000080000000, 0x0000000100000000)
  region size 1024K, 3 young (3072K), 3 survivors (3072K)
 Metaspace       used 72564K, committed 73216K, reserved 1114112K
  class space    used 9789K, committed 10112K, reserved 1048576K
}
Event: 6.268 GC heap before
{Heap before GC invocations=23 (full 0):
 garbage-first heap   total 155648K, used 119289K [0x0000000080000000, 0x0000000100000000)
  region size 1024K, 57 young (58368K), 3 survivors (3072K)
 Metaspace       used 77216K, committed 77824K, reserved 1179648K
  class space    used 10416K, committed 10752K, reserved 1048576K
}
Event: 6.272 GC heap after
{Heap after GC invocations=24 (full 0):
 garbage-first heap   total 155648K, used 68113K [0x0000000080000000, 0x0000000100000000)
  region size 1024K, 7 young (7168K), 7 survivors (7168K)
 Metaspace       used 77216K, committed 77824K, reserved 1179648K
  class space    used 10416K, committed 10752K, reserved 1048576K
}
Event: 6.562 GC heap before
{Heap before GC invocations=24 (full 0):
 garbage-first heap   total 155648K, used 121361K [0x0000000080000000, 0x0000000100000000)
  region size 1024K, 58 young (59392K), 7 survivors (7168K)
 Metaspace       used 80903K, committed 81536K, reserved 1179648K
  class space    used 10957K, committed 11264K, reserved 1048576K
}
Event: 6.565 GC heap after
{Heap after GC invocations=25 (full 0):
 garbage-first heap   total 155648K, used 69867K [0x0000000080000000, 0x0000000100000000)
  region size 1024K, 2 young (2048K), 2 survivors (2048K)
 Metaspace       used 80903K, committed 81536K, reserved 1179648K
  class space    used 10957K, committed 11264K, reserved 1048576K
}
Event: 6.959 GC heap before
{Heap before GC invocations=25 (full 0):
 garbage-first heap   total 155648K, used 124139K [0x0000000080000000, 0x0000000100000000)
  region size 1024K, 55 young (56320K), 2 survivors (2048K)
 Metaspace       used 84850K, committed 85504K, reserved 1179648K
  class space    used 11678K, committed 12032K, reserved 1048576K
}
Event: 6.962 GC heap after
{Heap after GC invocations=26 (full 0):
 garbage-first heap   total 155648K, used 71531K [0x0000000080000000, 0x0000000100000000)
  region size 1024K, 4 young (4096K), 4 survivors (4096K)
 Metaspace       used 84850K, committed 85504K, reserved 1179648K
  class space    used 11678K, committed 12032K, reserved 1048576K
}
Event: 7.406 GC heap before
{Heap before GC invocations=26 (full 0):
 garbage-first heap   total 155648K, used 125803K [0x0000000080000000, 0x0000000100000000)
  region size 1024K, 57 young (58368K), 4 survivors (4096K)
 Metaspace       used 88938K, committed 89600K, reserved 1179648K
  class space    used 12281K, committed 12608K, reserved 1048576K
}
Event: 7.410 GC heap after
{Heap after GC invocations=27 (full 0):
 garbage-first heap   total 155648K, used 74682K [0x0000000080000000, 0x0000000100000000)
  region size 1024K, 7 young (7168K), 7 survivors (7168K)
 Metaspace       used 88938K, committed 89600K, reserved 1179648K
  class space    used 12281K, committed 12608K, reserved 1048576K
}
Event: 7.802 GC heap before
{Heap before GC invocations=27 (full 0):
 garbage-first heap   total 155648K, used 125882K [0x0000000080000000, 0x0000000100000000)
  region size 1024K, 57 young (58368K), 7 survivors (7168K)
 Metaspace       used 93190K, committed 93888K, reserved 1179648K
  class space    used 12892K, committed 13248K, reserved 1048576K
}
Event: 7.807 GC heap after
{Heap after GC invocations=28 (full 0):
 garbage-first heap   total 155648K, used 78241K [0x0000000080000000, 0x0000000100000000)
  region size 1024K, 7 young (7168K), 7 survivors (7168K)
 Metaspace       used 93190K, committed 93888K, reserved 1179648K
  class space    used 12892K, committed 13248K, reserved 1048576K
}
Event: 7.976 GC heap before
{Heap before GC invocations=28 (full 0):
 garbage-first heap   total 155648K, used 99745K [0x0000000080000000, 0x0000000100000000)
  region size 1024K, 30 young (30720K), 7 survivors (7168K)
 Metaspace       used 94693K, committed 95360K, reserved 1179648K
  class space    used 13033K, committed 13376K, reserved 1048576K
}

