# JRE version: OpenJDK Runtime Environment (17.0.11) (build 17.0.11+0--11852314)
# Java VM: OpenJDK 64-Bit Server VM (17.0.11+0--11852314, mixed mode, tiered, compressed oops, compressed class ptrs, g1 gc, windows-amd64)
GC Precious Log:
 CPUs: 12 total, 12 available
 Memory: 16163M
 Large Page Support: Disabled
 NUMA Support: Disabled
 Compressed Oops: Enabled (32-bit)
 Heap Region Size: 1M
 Heap Min Capacity: 8M
 Heap Initial Capacity: 254M
 Heap Max Capacity: 2G
 Pre-touch: Disabled
 Parallel Workers: 10
 Concurrent Workers: 3
 Concurrent Refinement Workers: 10
 Periodic GC: Disabled
Heap:
 garbage-first heap   total 181248K, used 112425K [0x0000000080000000, 0x0000000100000000)
  region size 1024K, 40 young (40960K), 1 survivors (1024K)
 Metaspace       used 94112K, committed 94784K, reserved 1179648K
  class space    used 13010K, committed 13312K, reserved 1048576K
GC Heap History (20 events):
Event: 5.081 GC heap before
{Heap before GC invocations=17 (full 0):
 garbage-first heap   total 124928K, used 101637K [0x0000000080000000, 0x0000000100000000)
  region size 1024K, 46 young (47104K), 4 survivors (4096K)
 Metaspace       used 68492K, committed 69120K, reserved 1114112K
  class space    used 9273K, committed 9536K, reserved 1048576K
}
Event: 5.084 GC heap after
{Heap after GC invocations=18 (full 0):
 garbage-first heap   total 124928K, used 62525K [0x0000000080000000, 0x0000000100000000)
  region size 1024K, 6 young (6144K), 6 survivors (6144K)
 Metaspace       used 68492K, committed 69120K, reserved 1114112K
  class space    used 9273K, committed 9536K, reserved 1048576K
}
Event: 5.101 GC heap before
{Heap before GC invocations=18 (full 0):
 garbage-first heap   total 124928K, used 65597K [0x0000000080000000, 0x0000000100000000)
  region size 1024K, 10 young (10240K), 6 survivors (6144K)
 Metaspace       used 68500K, committed 69184K, reserved 1114112K
  class space    used 9273K, committed 9600K, reserved 1048576K
}
Event: 5.104 GC heap after
{Heap after GC invocations=19 (full 0):
 garbage-first heap   total 124928K, used 61097K [0x0000000080000000, 0x0000000100000000)
  region size 1024K, 2 young (2048K), 2 survivors (2048K)
 Metaspace       used 68500K, committed 69184K, reserved 1114112K
  class space    used 9273K, committed 9600K, reserved 1048576K
}
Event: 5.358 GC heap before
{Heap before GC invocations=20 (full 0):
 garbage-first heap   total 124928K, used 95913K [0x0000000080000000, 0x0000000100000000)
  region size 1024K, 36 young (36864K), 2 survivors (2048K)
 Metaspace       used 70948K, committed 71552K, reserved 1114112K
  class space    used 9621K, committed 9920K, reserved 1048576K
}
Event: 5.360 GC heap after
{Heap after GC invocations=21 (full 0):
 garbage-first heap   total 150528K, used 62512K [0x0000000080000000, 0x0000000100000000)
  region size 1024K, 3 young (3072K), 3 survivors (3072K)
 Metaspace       used 70948K, committed 71552K, reserved 1114112K
  class space    used 9621K, committed 9920K, reserved 1048576K
}
Event: 5.385 GC heap before
{Heap before GC invocations=21 (full 0):
 garbage-first heap   total 150528K, used 66608K [0x0000000080000000, 0x0000000100000000)
  region size 1024K, 7 young (7168K), 3 survivors (3072K)
 Metaspace       used 71216K, committed 71808K, reserved 1114112K
  class space    used 9655K, committed 9920K, reserved 1048576K
}
Event: 5.387 GC heap after
{Heap after GC invocations=22 (full 0):
 garbage-first heap   total 150528K, used 62299K [0x0000000080000000, 0x0000000100000000)
  region size 1024K, 1 young (1024K), 1 survivors (1024K)
 Metaspace       used 71216K, committed 71808K, reserved 1114112K
  class space    used 9655K, committed 9920K, reserved 1048576K
}
Event: 5.725 GC heap before
{Heap before GC invocations=22 (full 0):
 garbage-first heap   total 150528K, used 115547K [0x0000000080000000, 0x0000000100000000)
  region size 1024K, 53 young (54272K), 1 survivors (1024K)
 Metaspace       used 76630K, committed 77248K, reserved 1179648K
  class space    used 10389K, committed 10688K, reserved 1048576K
}
Event: 5.727 GC heap after
{Heap after GC invocations=23 (full 0):
 garbage-first heap   total 150528K, used 65251K [0x0000000080000000, 0x0000000100000000)
  region size 1024K, 4 young (4096K), 4 survivors (4096K)
 Metaspace       used 76630K, committed 77248K, reserved 1179648K
  class space    used 10389K, committed 10688K, reserved 1048576K
}
Event: 6.031 GC heap before
{Heap before GC invocations=23 (full 0):
 garbage-first heap   total 150528K, used 117475K [0x0000000080000000, 0x0000000100000000)
  region size 1024K, 55 young (56320K), 4 survivors (4096K)
 Metaspace       used 79485K, committed 80064K, reserved 1179648K
  class space    used 10771K, committed 11072K, reserved 1048576K
}
Event: 6.034 GC heap after
{Heap after GC invocations=24 (full 0):
 garbage-first heap   total 150528K, used 68207K [0x0000000080000000, 0x0000000100000000)
  region size 1024K, 7 young (7168K), 7 survivors (7168K)
 Metaspace       used 79485K, committed 80064K, reserved 1179648K
  class space    used 10771K, committed 11072K, reserved 1048576K
}
Event: 6.352 GC heap before
{Heap before GC invocations=24 (full 0):
 garbage-first heap   total 150528K, used 119407K [0x0000000080000000, 0x0000000100000000)
  region size 1024K, 56 young (57344K), 7 survivors (7168K)
 Metaspace       used 82988K, committed 83584K, reserved 1179648K
  class space    used 11439K, committed 11712K, reserved 1048576K
}
Event: 6.356 GC heap after
{Heap after GC invocations=25 (full 0):
 garbage-first heap   total 150528K, used 69957K [0x0000000080000000, 0x0000000100000000)
  region size 1024K, 2 young (2048K), 2 survivors (2048K)
 Metaspace       used 82988K, committed 83584K, reserved 1179648K
  class space    used 11439K, committed 11712K, reserved 1048576K
}
Event: 6.806 GC heap before
{Heap before GC invocations=25 (full 0):
 garbage-first heap   total 150528K, used 121157K [0x0000000080000000, 0x0000000100000000)
  region size 1024K, 52 young (53248K), 2 survivors (2048K)
 Metaspace       used 86921K, committed 87552K, reserved 1179648K
  class space    used 12001K, committed 12288K, reserved 1048576K
}
Event: 6.809 GC heap after
{Heap after GC invocations=26 (full 0):
 garbage-first heap   total 150528K, used 72616K [0x0000000080000000, 0x0000000100000000)
  region size 1024K, 5 young (5120K), 5 survivors (5120K)
 Metaspace       used 86921K, committed 87552K, reserved 1179648K
  class space    used 12001K, committed 12288K, reserved 1048576K
}
Event: 7.150 GC heap before
{Heap before GC invocations=27 (full 0):
 garbage-first heap   total 150528K, used 122792K [0x0000000080000000, 0x0000000100000000)
  region size 1024K, 54 young (55296K), 5 survivors (5120K)
 Metaspace       used 90706K, committed 91328K, reserved 1179648K
  class space    used 12613K, committed 12928K, reserved 1048576K
}
Event: 7.153 GC heap after
{Heap after GC invocations=28 (full 0):
 garbage-first heap   total 150528K, used 74668K [0x0000000080000000, 0x0000000100000000)
  region size 1024K, 5 young (5120K), 5 survivors (5120K)
 Metaspace       used 90706K, committed 91328K, reserved 1179648K
  class space    used 12613K, committed 12928K, reserved 1048576K
}
Event: 7.183 GC heap before
{Heap before GC invocations=28 (full 0):
 garbage-first heap   total 150528K, used 76716K [0x0000000080000000, 0x0000000100000000)
  region size 1024K, 7 young (7168K), 5 survivors (5120K)
 Metaspace       used 91677K, committed 92352K, reserved 1179648K
  class space    used 12717K, committed 13056K, reserved 1048576K
}
Event: 7.186 GC heap after
{Heap after GC invocations=29 (full 0):
 garbage-first heap   total 181248K, used 74537K [0x0000000080000000, 0x0000000100000000)
  region size 1024K, 1 young (1024K), 1 survivors (1024K)
 Metaspace       used 91677K, committed 92352K, reserved 1179648K
  class space    used 12717K, committed 13056K, reserved 1048576K
}

