# JRE version: OpenJDK Runtime Environment (17.0.11) (build 17.0.11+0--11852314)
# Java VM: OpenJDK 64-Bit Server VM (17.0.11+0--11852314, mixed mode, tiered, compressed oops, compressed class ptrs, g1 gc, windows-amd64)
GC Precious Log:
 CPUs: 12 total, 12 available
 Memory: 16163M
 Large Page Support: Disabled
 NUMA Support: Disabled
 Compressed Oops: Enabled (32-bit)
 Heap Region Size: 1M
 Heap Min Capacity: 8M
 Heap Initial Capacity: 254M
 Heap Max Capacity: 2G
 Pre-touch: Disabled
 Parallel Workers: 10
 Concurrent Workers: 3
 Concurrent Refinement Workers: 10
 Periodic GC: Disabled
Heap:
 garbage-first heap   total 116736K, used 62643K [0x0000000080000000, 0x0000000100000000)
  region size 1024K, 3 young (3072K), 3 survivors (3072K)
 Metaspace       used 72073K, committed 72704K, reserved 1114112K
  class space    used 9727K, committed 10048K, reserved 1048576K
GC Heap History (20 events):
Event: 4.722 GC heap after
{Heap after GC invocations=15 (full 0):
 garbage-first heap   total 91136K, used 39311K [0x0000000080000000, 0x0000000100000000)
  region size 1024K, 6 young (6144K), 6 survivors (6144K)
 Metaspace       used 56286K, committed 56832K, reserved 1114112K
  class space    used 7731K, committed 8000K, reserved 1048576K
}
Event: 4.930 GC heap before
{Heap before GC invocations=15 (full 0):
 garbage-first heap   total 91136K, used 76175K [0x0000000080000000, 0x0000000100000000)
  region size 1024K, 37 young (37888K), 6 survivors (6144K)
 Metaspace       used 57146K, committed 57728K, reserved 1114112K
  class space    used 7862K, committed 8128K, reserved 1048576K
}
Event: 4.935 GC heap after
{Heap after GC invocations=16 (full 0):
 garbage-first heap   total 91136K, used 51248K [0x0000000080000000, 0x0000000100000000)
  region size 1024K, 5 young (5120K), 5 survivors (5120K)
 Metaspace       used 57146K, committed 57728K, reserved 1114112K
  class space    used 7862K, committed 8128K, reserved 1048576K
}
Event: 5.025 GC heap before
{Heap before GC invocations=16 (full 0):
 garbage-first heap   total 91136K, used 63536K [0x0000000080000000, 0x0000000100000000)
  region size 1024K, 19 young (19456K), 5 survivors (5120K)
 Metaspace       used 58179K, committed 58752K, reserved 1114112K
  class space    used 7989K, committed 8256K, reserved 1048576K
}
Event: 5.028 GC heap after
{Heap after GC invocations=17 (full 0):
 garbage-first heap   total 91136K, used 52879K [0x0000000080000000, 0x0000000100000000)
  region size 1024K, 1 young (1024K), 1 survivors (1024K)
 Metaspace       used 58179K, committed 58752K, reserved 1114112K
  class space    used 7989K, committed 8256K, reserved 1048576K
}
Event: 5.188 GC heap before
{Heap before GC invocations=18 (full 0):
 garbage-first heap   total 96256K, used 72335K [0x0000000080000000, 0x0000000100000000)
  region size 1024K, 20 young (20480K), 1 survivors (1024K)
 Metaspace       used 59638K, committed 60288K, reserved 1114112K
  class space    used 8201K, committed 8512K, reserved 1048576K
}
Event: 5.190 GC heap after
{Heap after GC invocations=19 (full 0):
 garbage-first heap   total 115712K, used 54342K [0x0000000080000000, 0x0000000100000000)
  region size 1024K, 2 young (2048K), 2 survivors (2048K)
 Metaspace       used 59638K, committed 60288K, reserved 1114112K
  class space    used 8201K, committed 8512K, reserved 1048576K
}
Event: 5.409 GC heap before
{Heap before GC invocations=19 (full 0):
 garbage-first heap   total 115712K, used 90182K [0x0000000080000000, 0x0000000100000000)
  region size 1024K, 37 young (37888K), 2 survivors (2048K)
 Metaspace       used 63295K, committed 63872K, reserved 1114112K
  class space    used 8591K, committed 8832K, reserved 1048576K
}
Event: 5.411 GC heap after
{Heap after GC invocations=20 (full 0):
 garbage-first heap   total 115712K, used 55423K [0x0000000080000000, 0x0000000100000000)
  region size 1024K, 3 young (3072K), 3 survivors (3072K)
 Metaspace       used 63295K, committed 63872K, reserved 1114112K
  class space    used 8591K, committed 8832K, reserved 1048576K
}
Event: 5.708 GC heap before
{Heap before GC invocations=21 (full 0):
 garbage-first heap   total 115712K, used 91263K [0x0000000080000000, 0x0000000100000000)
  region size 1024K, 39 young (39936K), 3 survivors (3072K)
 Metaspace       used 67086K, committed 67712K, reserved 1114112K
  class space    used 9102K, committed 9408K, reserved 1048576K
}
Event: 5.711 GC heap after
{Heap after GC invocations=22 (full 0):
 garbage-first heap   total 115712K, used 56274K [0x0000000080000000, 0x0000000100000000)
  region size 1024K, 4 young (4096K), 4 survivors (4096K)
 Metaspace       used 67086K, committed 67712K, reserved 1114112K
  class space    used 9102K, committed 9408K, reserved 1048576K
}
Event: 5.716 GC heap before
{Heap before GC invocations=22 (full 0):
 garbage-first heap   total 115712K, used 57298K [0x0000000080000000, 0x0000000100000000)
  region size 1024K, 5 young (5120K), 4 survivors (4096K)
 Metaspace       used 67170K, committed 67776K, reserved 1114112K
  class space    used 9117K, committed 9408K, reserved 1048576K
}
Event: 5.718 GC heap after
{Heap after GC invocations=23 (full 0):
 garbage-first heap   total 115712K, used 55979K [0x0000000080000000, 0x0000000100000000)
  region size 1024K, 1 young (1024K), 1 survivors (1024K)
 Metaspace       used 67170K, committed 67776K, reserved 1114112K
  class space    used 9117K, committed 9408K, reserved 1048576K
}
Event: 5.785 GC heap before
{Heap before GC invocations=23 (full 0):
 garbage-first heap   total 115712K, used 60075K [0x0000000080000000, 0x0000000100000000)
  region size 1024K, 6 young (6144K), 1 survivors (1024K)
 Metaspace       used 68460K, committed 69056K, reserved 1114112K
  class space    used 9251K, committed 9536K, reserved 1048576K
}
Event: 5.786 GC heap after
{Heap after GC invocations=24 (full 0):
 garbage-first heap   total 115712K, used 57088K [0x0000000080000000, 0x0000000100000000)
  region size 1024K, 2 young (2048K), 2 survivors (2048K)
 Metaspace       used 68460K, committed 69056K, reserved 1114112K
  class space    used 9251K, committed 9536K, reserved 1048576K
}
Event: 5.836 GC heap before
{Heap before GC invocations=25 (full 0):
 garbage-first heap   total 116736K, used 71424K [0x0000000080000000, 0x0000000100000000)
  region size 1024K, 13 young (13312K), 2 survivors (2048K)
 Metaspace       used 68467K, committed 69120K, reserved 1114112K
  class space    used 9251K, committed 9536K, reserved 1048576K
}
Event: 5.837 GC heap after
{Heap after GC invocations=26 (full 0):
 garbage-first heap   total 116736K, used 59104K [0x0000000080000000, 0x0000000100000000)
  region size 1024K, 4 young (4096K), 4 survivors (4096K)
 Metaspace       used 68467K, committed 69120K, reserved 1114112K
  class space    used 9251K, committed 9536K, reserved 1048576K
}
Event: 6.005 GC heap before
{Heap before GC invocations=27 (full 0):
 garbage-first heap   total 116736K, used 83680K [0x0000000080000000, 0x0000000100000000)
  region size 1024K, 28 young (28672K), 4 survivors (4096K)
 Metaspace       used 70241K, committed 70848K, reserved 1114112K
  class space    used 9497K, committed 9792K, reserved 1048576K
}
Event: 6.007 GC heap after
{Heap after GC invocations=28 (full 0):
 garbage-first heap   total 116736K, used 61531K [0x0000000080000000, 0x0000000100000000)
  region size 1024K, 2 young (2048K), 2 survivors (2048K)
 Metaspace       used 70241K, committed 70848K, reserved 1114112K
  class space    used 9497K, committed 9792K, reserved 1048576K
}
Event: 6.169 GC heap before
{Heap before GC invocations=28 (full 0):
 garbage-first heap   total 116736K, used 86107K [0x0000000080000000, 0x0000000100000000)
  region size 1024K, 27 young (27648K), 2 survivors (2048K)
 Metaspace       used 72073K, committed 72704K, reserved 1114112K
  class space    used 9727K, committed 10048K, reserved 1048576K
}

